#
# There is insufficient memory for the Java Runtime Environment to continue.
# Native memory allocation (malloc) failed to allocate 1048576 bytes for AllocateHeap
# Possible reasons:
#   The system is out of physical RAM or swap space
#   In 32 bit mode, the process size limit was hit
# Possible solutions:
#   Reduce memory load on the system
#   Increase physical memory or swap space
#   Check if swap backing store is full
#   Use 64 bit Java on a 64 bit OS
#   Decrease Java heap size (-Xmx/-Xms)
#   Decrease number of Java threads
#   Decrease Java thread stack sizes (-Xss)
#   Set larger code cache with -XX:ReservedCodeCacheSize=
# This output file may be truncated or incomplete.
#
#  Out of Memory Error (memory/allocation.inline.hpp:61), pid=30852, tid=0x00000000000074d8
#
# JRE version:  (8.0_161-b12) (build )
# Java VM: Java HotSpot(TM) 64-Bit Server VM (25.161-b12 mixed mode windows-amd64 compressed oops)
# Failed to write core dump. Minidumps are not enabled by default on client versions of Windows
#

---------------  T H R E A D  ---------------

Current thread (0x0000000000a5e800):  JavaThread "Unknown thread" [_thread_in_vm, id=29912, stack(0x0000000002ca0000,0x0000000002da0000)]

Stack: [0x0000000002ca0000,0x0000000002da0000]
[error occurred during error reporting (printing stack bounds), id 0xc0000005]

Native frames: (J=compiled Java code, j=interpreted, Vv=VM code, C=native code)


---------------  P R O C E S S  ---------------

Java Threads: ( => current thread )

Other Threads:

=>0x0000000000a5e800 (exited) JavaThread "Unknown thread" [_thread_in_vm, id=29912, stack(0x0000000002ca0000,0x0000000002da0000)]

VM state:not at safepoint (normal execution)

VM Mutex/Monitor currently owned by a thread: None

Heap:
 PSYoungGen      total 38400K, used 665K [0x00000000d5d80000, 0x00000000d8800000, 0x0000000100000000)
  eden space 33280K, 2% used [0x00000000d5d80000,0x00000000d5e26670,0x00000000d7e00000)
  from space 5120K, 0% used [0x00000000d8300000,0x00000000d8300000,0x00000000d8800000)
  to   space 5120K, 0% used [0x00000000d7e00000,0x00000000d7e00000,0x00000000d8300000)
 ParOldGen       total 87552K, used 0K [0x0000000081800000, 0x0000000086d80000, 0x00000000d5d80000)
  object space 87552K, 0% used [0x0000000081800000,0x0000000081800000,0x0000000086d80000)
 Metaspace       used 770K, capacity 4480K, committed 4480K, reserved 1056768K
  class space    used 75K, capacity 384K, committed 384K, reserved 1048576K

Card table byte_map: [0x0000000012260000,0x0000000012660000] byte_map_base: 0x0000000011e54000

Marking Bits: (ParMarkBitMap*) 0x00000000747cf860
 Begin Bits: [0x0000000012d10000, 0x0000000014cb0000)
 End Bits:   [0x0000000014cb0000, 0x0000000016c50000)

Polling page: 0x0000000000a60000

CodeCache: size=245760Kb used=328Kb max_used=328Kb free=245431Kb
 bounds [0x0000000002ea0000, 0x0000000003110000, 0x0000000011ea0000]
 total_blobs=58 nmethods=0 adapters=38
 compilation: enabled

Compilation events (0 events):
No events

GC Heap History (0 events):
No events

Deoptimization events (0 events):
No events

Classes redefined (0 events):
No events

Internal exceptions (0 events):
No events

Events (10 events):
Event: 0.077 loading class java/lang/Short
Event: 0.077 loading class java/lang/Short done
Event: 0.077 loading class java/lang/Integer
Event: 0.077 loading class java/lang/Integer done
Event: 0.077 loading class java/lang/Long
Event: 0.078 loading class java/lang/Long done
Event: 0.078 loading class java/lang/NullPointerException
Event: 0.078 loading class java/lang/NullPointerException done
Event: 0.078 loading class java/lang/ArithmeticException
Event: 0.079 loading class java/lang/ArithmeticException done


Dynamic libraries:
0x00007ff675df0000 - 0x00007ff675e27000 	C:\Program Files\Java\jdk1.8.0_161\bin\javaw.exe
0x00007ffdfe550000 - 0x00007ffdfe731000 	C:\WINDOWS\SYSTEM32\ntdll.dll
0x00007ffdfda70000 - 0x00007ffdfdb21000 	C:\WINDOWS\System32\KERNEL32.DLL
0x00007ffdfb310000 - 0x00007ffdfb583000 	C:\WINDOWS\System32\KERNELBASE.dll
0x00007ffdfc570000 - 0x00007ffdfc611000 	C:\WINDOWS\System32\ADVAPI32.dll
0x00007ffdfe480000 - 0x00007ffdfe51e000 	C:\WINDOWS\System32\msvcrt.dll
0x00007ffdfc160000 - 0x00007ffdfc1bb000 	C:\WINDOWS\System32\sechost.dll
0x00007ffdfbf80000 - 0x00007ffdfc0a4000 	C:\WINDOWS\System32\RPCRT4.dll
0x00007ffdfbbb0000 - 0x00007ffdfbd40000 	C:\WINDOWS\System32\USER32.dll
0x00007ffdfa9a0000 - 0x00007ffdfa9c0000 	C:\WINDOWS\System32\win32u.dll
0x00007ffdfbae0000 - 0x00007ffdfbb08000 	C:\WINDOWS\System32\GDI32.dll
0x00007ffdfb170000 - 0x00007ffdfb302000 	C:\WINDOWS\System32\gdi32full.dll
0x00007ffdfb0d0000 - 0x00007ffdfb16f000 	C:\WINDOWS\System32\msvcp_win.dll
0x00007ffdfb8e0000 - 0x00007ffdfb9d8000 	C:\WINDOWS\System32\ucrtbase.dll
0x00007ffde8720000 - 0x00007ffde8989000 	C:\WINDOWS\WinSxS\amd64_microsoft.windows.common-controls_6595b64144ccf1df_6.0.17134.765_none_fb42a1a930655896\COMCTL32.dll
0x00007ffdfdd00000 - 0x00007ffdfe022000 	C:\WINDOWS\System32\combase.dll
0x00007ffdfa920000 - 0x00007ffdfa99a000 	C:\WINDOWS\System32\bcryptPrimitives.dll
0x00007ffdfb9e0000 - 0x00007ffdfba0d000 	C:\WINDOWS\System32\IMM32.DLL
0x0000000073b00000 - 0x0000000073bd2000 	C:\Program Files\Java\jdk1.8.0_161\jre\bin\msvcr100.dll
0x0000000073fb0000 - 0x000000007484f000 	C:\Program Files\Java\jdk1.8.0_161\jre\bin\server\jvm.dll
0x00007ffdfbdb0000 - 0x00007ffdfbdb8000 	C:\WINDOWS\System32\PSAPI.DLL
0x00007ffdf4a60000 - 0x00007ffdf4a83000 	C:\WINDOWS\SYSTEM32\WINMM.dll
0x00007ffde53c0000 - 0x00007ffde53c9000 	C:\WINDOWS\SYSTEM32\WSOCK32.dll
0x00007ffdfbd40000 - 0x00007ffdfbdac000 	C:\WINDOWS\System32\WS2_32.dll
0x00007ffde8c40000 - 0x00007ffde8c4a000 	C:\WINDOWS\SYSTEM32\VERSION.dll
0x00007ffdf4a30000 - 0x00007ffdf4a5a000 	C:\WINDOWS\SYSTEM32\WINMMBASE.dll
0x00007ffdfb590000 - 0x00007ffdfb5d9000 	C:\WINDOWS\System32\cfgmgr32.dll
0x0000000073ec0000 - 0x0000000073ecf000 	C:\Program Files\Java\jdk1.8.0_161\jre\bin\verify.dll
0x0000000073e90000 - 0x0000000073eb9000 	C:\Program Files\Java\jdk1.8.0_161\jre\bin\java.dll
0x0000000073e70000 - 0x0000000073e86000 	C:\Program Files\Java\jdk1.8.0_161\jre\bin\zip.dll

VM Arguments:
jvm_args: -Dfile.encoding=utf-8 
java_command: chapter_2_listproblem.Problem_10_AddTwoLinkedLists
java_class_path (initial): C:\Program Files\Java\jdk1.8.0_161\jre\lib\resources.jar;C:\Program Files\Java\jdk1.8.0_161\jre\lib\rt.jar;C:\Program Files\Java\jdk1.8.0_161\jre\lib\jsse.jar;C:\Program Files\Java\jdk1.8.0_161\jre\lib\jce.jar;C:\Program Files\Java\jdk1.8.0_161\jre\lib\charsets.jar;C:\Program Files\Java\jdk1.8.0_161\jre\lib\jfr.jar;C:\Program Files\Java\jdk1.8.0_161\jre\lib\ext\access-bridge-64.jar;C:\Program Files\Java\jdk1.8.0_161\jre\lib\ext\cldrdata.jar;C:\Program Files\Java\jdk1.8.0_161\jre\lib\ext\dnsns.jar;C:\Program Files\Java\jdk1.8.0_161\jre\lib\ext\jaccess.jar;C:\Program Files\Java\jdk1.8.0_161\jre\lib\ext\jfxrt.jar;C:\Program Files\Java\jdk1.8.0_161\jre\lib\ext\localedata.jar;C:\Program Files\Java\jdk1.8.0_161\jre\lib\ext\nashorn.jar;C:\Program Files\Java\jdk1.8.0_161\jre\lib\ext\sunec.jar;C:\Program Files\Java\jdk1.8.0_161\jre\lib\ext\sunjce_provider.jar;C:\Program Files\Java\jdk1.8.0_161\jre\lib\ext\sunmscapi.jar;C:\Program Files\Java\jdk1.8.0_161\jre\lib\ext\sunpkcs11.jar;C:\Program Files\Java\jdk1.8.0_161\jre\lib\ext\zipfs.jar;E:\suanfa\bin
Launcher Type: SUN_STANDARD

Environment Variables:
JAVA_HOME=C:\Program Files\Java\jdk1.8.0_161
CLASSPATH=.;C:\Program Files\Java\jdk1.8.0_161\lib\dt.jar;C:\Program Files\Java\jdk1.8.0_161\lib\tools.jar;D:\apache-tomcat-8.0.39 \lib\servlet-api.jar;D:\redis;D:\ant\apache-ant-1.10.5\lib;
PATH=C:/Program Files/Java/jdk1.8.0_161/bin/../jre/bin/server;C:/Program Files/Java/jdk1.8.0_161/bin/../jre/bin;C:/Program Files/Java/jdk1.8.0_161/bin/../jre/lib/amd64;G:\app\oracle\product\12.2.0\dbhome_1\bin;G:\app\ZXQ20\virtual\product\12.2.0\dbhome_3\bin;G:\app\ZXQ20\virtual\product\12.2.0\dbhome_2\bin;C:\Program Files\Java\jdk1.8.0_161\bin;C:\Program Files\Java\jdk1.8.0_161\jre\bin;C:\Windows\System32;D:\qshell;D:\ant\apache-ant-1.10.5\bin;D:\CTex\UserData\miktex\bin;D:\CTex\MiKTeX\miktex\bin;D:\CTex\CTeX\ctex\bin;D:\CTex\CTeX\cct\bin;D:\CTex\CTeX\ty\bin;D:\CTex\Ghostscript\gs9.05\bin;D:\CTex\GSview\gsview;D:\CTex\WinEdt;D:\git\Git\cmd;C:\Users\ZXQ20\Anaconda3;C:\Users\ZXQ20\Anaconda3\Scripts;C:\Users\ZXQ20\Anaconda3\Library\bin;D:\anaconda;D:\anaconda\Scripts;D:\anaconda\Library\bin;C:\RailsInstaller\Git\cmd;C:\RailsInstaller\Ruby2.3.0\bin;C:\Ruby23-x64\bin;C:\Users\ZXQ20\algs4\bin;C:\Users\ZXQ20\algs4\java\bin;C:\Users\ZXQ20\AppData\Local\Microsoft\WindowsApps;C:\Users\ZXQ20\AppData\Roaming\npm;C:\Users\ZXQ20\AppData\Local\Microsoft\WindowsApps;C:\Program Files\Intel\WiFi\bin\;C:\Program Files\Common Files\Intel\WirelessCommon\;D:\latex\miktex\bin\x64\;D:\Program Files\Docker Toolbox;C:\WINDOWS\System32;
USERNAME=ZXQ20
OS=Windows_NT
PROCESSOR_IDENTIFIER=Intel64 Family 6 Model 142 Stepping 9, GenuineIntel



---------------  S Y S T E M  ---------------

OS: Windows 10.0 , 64 bit Build 17134 (10.0.17134.753)

CPU:total 4 (initial active 4) (2 cores per cpu, 2 threads per core) family 6 model 142 stepping 9, cmov, cx8, fxsr, mmx, sse, sse2, sse3, ssse3, sse4.1, sse4.2, popcnt, avx, avx2, aes, clmul, erms, 3dnowpref, lzcnt, ht, tsc, tscinvbit, bmi1, bmi2, adx

Memory: 4k page, physical 8284908k(268956k free), swap 18310604k(5224k free)

vm_info: Java HotSpot(TM) 64-Bit Server VM (25.161-b12) for windows-amd64 JRE (1.8.0_161-b12), built on Dec 19 2017 17:52:25 by "java_re" with MS VC++ 10.0 (VS2010)

time: Fri May 31 20:16:46 2019
elapsed time: 0 seconds (0d 0h 0m 0s)

